[25-May-2016 04:44:19 UTC] PHP Notice:  get_settings is <strong>deprecated</strong> since version 2.1! Use get_option() instead. in /srv/www/suitlessattorney/htdocs/wp-includes/functions.php on line 3658
[25-May-2016 04:46:59 UTC] PHP Deprecated:  mysql_connect(): The mysql extension is deprecated and will be removed in the future: use mysqli or PDO instead in /srv/www/suitlessattorney/htdocs/wp-content/plugins/appointment-calendar/menu-pages/manage-appointments.php on line 26
[25-May-2016 04:47:15 UTC] PHP Deprecated:  mysql_connect(): The mysql extension is deprecated and will be removed in the future: use mysqli or PDO instead in /srv/www/suitlessattorney/htdocs/wp-content/plugins/appointment-calendar/menu-pages/manage-appointments.php on line 26
[25-May-2016 04:47:47 UTC] PHP Deprecated:  mysql_connect(): The mysql extension is deprecated and will be removed in the future: use mysqli or PDO instead in /srv/www/suitlessattorney/htdocs/wp-content/plugins/appointment-calendar/menu-pages/manage-appointments.php on line 26
[25-May-2016 04:48:00 UTC] PHP Deprecated:  mysql_connect(): The mysql extension is deprecated and will be removed in the future: use mysqli or PDO instead in /srv/www/suitlessattorney/htdocs/wp-content/plugins/appointment-calendar/menu-pages/manage-appointments.php on line 26
[25-May-2016 05:21:24 UTC] PHP Deprecated:  mysql_connect(): The mysql extension is deprecated and will be removed in the future: use mysqli or PDO instead in /srv/www/suitlessattorney/htdocs/wp-content/plugins/appointment-calendar/menu-pages/manage-appointments.php on line 26
[25-May-2016 05:21:26 UTC] PHP Deprecated:  mysql_connect(): The mysql extension is deprecated and will be removed in the future: use mysqli or PDO instead in /srv/www/suitlessattorney/htdocs/wp-content/plugins/appointment-calendar/menu-pages/manage-appointments.php on line 26
[25-May-2016 18:14:56 UTC] PHP Notice:  Undefined index: templink in /srv/www/suitlessattorney/htdocs/wp-content/themes/suitlessattorney/front-page.php on line 242
[25-May-2016 18:15:48 UTC] PHP Notice:  Undefined index: templink in /srv/www/suitlessattorney/htdocs/wp-content/themes/suitlessattorney/front-page.php on line 243
[25-May-2016 18:15:48 UTC] PHP Notice:  Undefined index: templink in /srv/www/suitlessattorney/htdocs/wp-content/themes/suitlessattorney/front-page.php on line 39
[25-May-2016 18:15:48 UTC] PHP Notice:  Undefined index: templink in /srv/www/suitlessattorney/htdocs/wp-content/themes/suitlessattorney/front-page.php on line 39
[26-May-2016 02:38:06 UTC] PHP Parse error:  syntax error, unexpected ';', expecting ')' in /srv/www/suitlessattorney/htdocs/wp-content/themes/suitlessattorney/movies-page.php on line 30
[26-May-2016 02:38:07 UTC] PHP Parse error:  syntax error, unexpected ';', expecting ')' in /srv/www/suitlessattorney/htdocs/wp-content/themes/suitlessattorney/movies-page.php on line 30
[26-May-2016 02:38:21 UTC] PHP Parse error:  syntax error, unexpected ';', expecting ')' in /srv/www/suitlessattorney/htdocs/wp-content/themes/suitlessattorney/movies-page.php on line 30
[26-May-2016 02:38:22 UTC] PHP Parse error:  syntax error, unexpected ';', expecting ')' in /srv/www/suitlessattorney/htdocs/wp-content/themes/suitlessattorney/movies-page.php on line 30
[26-May-2016 02:43:19 UTC] PHP Warning:  DateTime::createFromFormat() expects at least 2 parameters, 1 given in /srv/www/suitlessattorney/htdocs/wp-content/themes/suitlessattorney/movies-page.php on line 46
[26-May-2016 02:43:19 UTC] PHP Fatal error:  Call to a member function format() on a non-object in /srv/www/suitlessattorney/htdocs/wp-content/themes/suitlessattorney/movies-page.php on line 47
[26-May-2016 02:43:20 UTC] PHP Warning:  DateTime::createFromFormat() expects at least 2 parameters, 1 given in /srv/www/suitlessattorney/htdocs/wp-content/themes/suitlessattorney/movies-page.php on line 46
[26-May-2016 02:43:20 UTC] PHP Fatal error:  Call to a member function format() on a non-object in /srv/www/suitlessattorney/htdocs/wp-content/themes/suitlessattorney/movies-page.php on line 47
[26-May-2016 02:43:50 UTC] PHP Warning:  DateTime::createFromFormat() expects at least 2 parameters, 1 given in /srv/www/suitlessattorney/htdocs/wp-content/themes/suitlessattorney/movies-page.php on line 46
[26-May-2016 02:43:50 UTC] PHP Fatal error:  Call to a member function format() on a non-object in /srv/www/suitlessattorney/htdocs/wp-content/themes/suitlessattorney/movies-page.php on line 47
